Error sending file: Error executing org.telegram.telegrambots.meta.api.methods.send.SendPhoto query: [400] Bad Request: PHOTO_INVALID_DIMENSIONS
Error sending file: Error executing org.telegram.telegrambots.meta.api.methods.send.SendPhoto query: [400] Bad Request: PHOTO_INVALID_DIMENSIONS
Sent document: ВЕСТА.png
Sent document: МАОРІ.png
Error sending file: Error executing org.telegram.telegrambots.meta.api.methods.send.SendPhoto query: [400] Bad Request: PHOTO_INVALID_DIMENSIONS
Error sending file: Error executing org.telegram.telegrambots.meta.api.methods.send.SendPhoto query: [400] Bad Request: PHOTO_INVALID_DIMENSIONS
Converted ВЕСТА.png to JPEG for Telegram
Error sending file: Error executing org.telegram.telegrambots.meta.api.methods.send.SendPhoto query: [400] Bad Request: PHOTO_INVALID_DIMENSIONS
Converted МАОРІ.png to JPEG for Telegram
Error sending file: Error executing org.telegram.telegrambots.meta.api.methods.send.SendPhoto query: [400] Bad Request: PHOTO_INVALID_DIMENSIONS
Converted ВЕСТА.png to JPEG for Telegram
Error sending file: Error executing org.telegram.telegrambots.meta.api.methods.send.SendPhoto query: [400] Bad Request: PHOTO_INVALID_DIMENSIONS
Converted МАОРІ.png to JPEG for Telegram
Error sending file: Error executing org.telegram.telegrambots.meta.api.methods.send.SendPhoto query: [400] Bad Request: PHOTO_INVALID_DIMENSIONS
Sent photo: resized_МАОРІ.jpg
Sent photo: resized_ВЕСТА.jpg
Sent photo: resized_МАОРІ.jpg
Sent photo: resized_ВЕСТА.jpg
Sent photo: resized_МАОРІ.jpg
Sent photo: resized_ВЕСТА.jpg
Sent photo: resized_МАОРІ.jpg
Sent photo: resized_ВЕСТА.jpg
Sent photo: resized_МАОРІ.jpg
Sent photo: resized_ВЕСТА.jpg
Sent photo: resized_МАОРІ.jpg
Sent photo: resized_ВЕСТА.jpg
Sent photo: resized_ВЕСТА.jpg
Sent photo: resized_орнамент.jpg
Sent photo: resized_МАОРІ.jpg
Sent photo: resized_мейв.jpg
Sent photo: resized_стеліо.jpg
Sent photo: resized_шане.jpg
Sent photo: resized_пафос.jpg
Error sending photo: Error executing org.telegram.telegrambots.meta.api.methods.send.SendPhoto query: [400] Bad Request: PHOTO_INVALID_DIMENSIONS
Error sending photo: Error executing org.telegram.telegrambots.meta.api.methods.send.SendPhoto query: [400] Bad Request: PHOTO_INVALID_DIMENSIONS
Error sending photo: Error executing org.telegram.telegrambots.meta.api.methods.send.SendPhoto query: [400] Bad Request: PHOTO_INVALID_DIMENSIONS
Error sending photo: Error executing org.telegram.telegrambots.meta.api.methods.send.SendPhoto query: [400] Bad Request: PHOTO_INVALID_DIMENSIONS
Error sending photo: Error executing org.telegram.telegrambots.meta.api.methods.send.SendPhoto query: [400] Bad Request: PHOTO_INVALID_DIMENSIONS
Error sending photo: Error executing org.telegram.telegrambots.meta.api.methods.send.SendPhoto query: [400] Bad Request: PHOTO_INVALID_DIMENSIONS
Error sending photo: Error executing org.telegram.telegrambots.meta.api.methods.send.SendPhoto query: [400] Bad Request: PHOTO_INVALID_DIMENSIONS
Error sending photo: Error executing org.telegram.telegrambots.meta.api.methods.send.SendPhoto query: [400] Bad Request: PHOTO_INVALID_DIMENSIONS
Error sending photo: Error executing org.telegram.telegrambots.meta.api.methods.send.SendPhoto query: [400] Bad Request: PHOTO_INVALID_DIMENSIONS
Error sending photo: Error executing org.telegram.telegrambots.meta.api.methods.send.SendPhoto query: [400] Bad Request: PHOTO_INVALID_DIMENSIONS
Error sending photo: Error executing org.telegram.telegrambots.meta.api.methods.send.SendPhoto query: [400] Bad Request: PHOTO_INVALID_DIMENSIONS
Error sending photo: Error executing org.telegram.telegrambots.meta.api.methods.send.SendPhoto query: [400] Bad Request: PHOTO_INVALID_DIMENSIONS
Error sending photo: Error executing org.telegram.telegrambots.meta.api.methods.send.SendPhoto query: [400] Bad Request: PHOTO_INVALID_DIMENSIONS
Error sending photo: Error executing org.telegram.telegrambots.meta.api.methods.send.SendPhoto query: [400] Bad Request: PHOTO_INVALID_DIMENSIONS
Error sending photo: Error executing org.telegram.telegrambots.meta.api.methods.send.SendPhoto query: [400] Bad Request: PHOTO_INVALID_DIMENSIONS
Error sending photo: Error executing org.telegram.telegrambots.meta.api.methods.send.SendPhoto query: [400] Bad Request: PHOTO_INVALID_DIMENSIONS
Error sending photo: Error executing org.telegram.telegrambots.meta.api.methods.send.SendPhoto query: [400] Bad Request: PHOTO_INVALID_DIMENSIONS
Error sending photo: Error executing org.telegram.telegrambots.meta.api.methods.send.SendPhoto query: [400] Bad Request: PHOTO_INVALID_DIMENSIONS
Error sending photo: Error executing org.telegram.telegrambots.meta.api.methods.send.SendPhoto query: [400] Bad Request: PHOTO_INVALID_DIMENSIONS
Error sending photo: Error executing org.telegram.telegrambots.meta.api.methods.send.SendPhoto query: [400] Bad Request: PHOTO_INVALID_DIMENSIONS
Error sending photo: Error executing org.telegram.telegrambots.meta.api.methods.send.SendPhoto query: [400] Bad Request: PHOTO_INVALID_DIMENSIONS
Error sending photo: Error executing org.telegram.telegrambots.meta.api.methods.send.SendPhoto query: [400] Bad Request: PHOTO_INVALID_DIMENSIONS
Error sending photo: Error executing org.telegram.telegrambots.meta.api.methods.send.SendPhoto query: [400] Bad Request: PHOTO_INVALID_DIMENSIONS
Error sending photo: Error executing org.telegram.telegrambots.meta.api.methods.send.SendPhoto query: [400] Bad Request: PHOTO_INVALID_DIMENSIONS
Error sending photo: Error executing org.telegram.telegrambots.meta.api.methods.send.SendPhoto query: [400] Bad Request: PHOTO_INVALID_DIMENSIONS
Error sending photo: Error executing org.telegram.telegrambots.meta.api.methods.send.SendPhoto query: [400] Bad Request: PHOTO_INVALID_DIMENSIONS
Error sending photo: Error executing org.telegram.telegrambots.meta.api.methods.send.SendPhoto query: [400] Bad Request: PHOTO_INVALID_DIMENSIONS
Error sending photo: Error executing org.telegram.telegrambots.meta.api.methods.send.SendPhoto query: [400] Bad Request: PHOTO_INVALID_DIMENSIONS
Error sending photo: Error executing org.telegram.telegrambots.meta.api.methods.send.SendPhoto query: [400] Bad Request: PHOTO_INVALID_DIMENSIONS
Error sending photo: Error executing org.telegram.telegrambots.meta.api.methods.send.SendPhoto query: [400] Bad Request: PHOTO_INVALID_DIMENSIONS
Error sending photo: Error executing org.telegram.telegrambots.meta.api.methods.send.SendPhoto query: [400] Bad Request: PHOTO_INVALID_DIMENSIONS
Error sending photo: Error executing org.telegram.telegrambots.meta.api.methods.send.SendPhoto query: [400] Bad Request: PHOTO_INVALID_DIMENSIONS
Error sending photo: Error executing org.telegram.telegrambots.meta.api.methods.send.SendPhoto query: [400] Bad Request: PHOTO_INVALID_DIMENSIONS
Error sending photo: Error executing org.telegram.telegrambots.meta.api.methods.send.SendPhoto query: [400] Bad Request: PHOTO_INVALID_DIMENSIONS
Error sending photo: Error executing org.telegram.telegrambots.meta.api.methods.send.SendPhoto query: [400] Bad Request: PHOTO_INVALID_DIMENSIONS
Error sending photo: Error executing org.telegram.telegrambots.meta.api.methods.send.SendPhoto query: [400] Bad Request: PHOTO_INVALID_DIMENSIONS
Error sending photo: Error executing org.telegram.telegrambots.meta.api.methods.send.SendPhoto query: [400] Bad Request: PHOTO_INVALID_DIMENSIONS
Error sending photo: Error executing org.telegram.telegrambots.meta.api.methods.send.SendPhoto query: [400] Bad Request: PHOTO_INVALID_DIMENSIONS
Error sending photo: Error executing org.telegram.telegrambots.meta.api.methods.send.SendPhoto query: [400] Bad Request: PHOTO_INVALID_DIMENSIONS
Error sending photo: Error executing org.telegram.telegrambots.meta.api.methods.send.SendPhoto query: [400] Bad Request: PHOTO_INVALID_DIMENSIONS
Error sending photo: Error executing org.telegram.telegrambots.meta.api.methods.send.SendPhoto query: [400] Bad Request: PHOTO_INVALID_DIMENSIONS
Error sending photo: Error executing org.telegram.telegrambots.meta.api.methods.send.SendPhoto query: [400] Bad Request: PHOTO_INVALID_DIMENSIONS
Error sending photo: Error executing org.telegram.telegrambots.meta.api.methods.send.SendPhoto query: [400] Bad Request: PHOTO_INVALID_DIMENSIONS
Error sending photo: Error executing org.telegram.telegrambots.meta.api.methods.send.SendPhoto query: [400] Bad Request: PHOTO_INVALID_DIMENSIONS
Error sending photo: Error executing org.telegram.telegrambots.meta.api.methods.send.SendPhoto query: [400] Bad Request: PHOTO_INVALID_DIMENSIONS
Error sending photo: Error executing org.telegram.telegrambots.meta.api.methods.send.SendPhoto query: [400] Bad Request: PHOTO_INVALID_DIMENSIONS
Error sending photo: Error executing org.telegram.telegrambots.meta.api.methods.send.SendPhoto query: [400] Bad Request: PHOTO_INVALID_DIMENSIONS
Error sending photo: Error executing org.telegram.telegrambots.meta.api.methods.send.SendPhoto query: [400] Bad Request: PHOTO_INVALID_DIMENSIONS
Error sending photo: null
Error sending photo: Error executing org.telegram.telegrambots.meta.api.methods.send.SendPhoto query: [400] Bad Request: PHOTO_INVALID_DIMENSIONS
Error sending photo: Error executing org.telegram.telegrambots.meta.api.methods.send.SendPhoto query: [400] Bad Request: PHOTO_INVALID_DIMENSIONS
Error sending photo: null
Error sending photo: Error executing org.telegram.telegrambots.meta.api.methods.send.SendPhoto query: [400] Bad Request: PHOTO_INVALID_DIMENSIONS
Error sending photo: Error executing org.telegram.telegrambots.meta.api.methods.send.SendPhoto query: [400] Bad Request: PHOTO_INVALID_DIMENSIONS
Error sending photo: Error executing org.telegram.telegrambots.meta.api.methods.send.SendPhoto query: [400] Bad Request: PHOTO_INVALID_DIMENSIONS
Error sending photo: Error executing org.telegram.telegrambots.meta.api.methods.send.SendPhoto query: [400] Bad Request: PHOTO_INVALID_DIMENSIONS
Error sending photo: Error executing org.telegram.telegrambots.meta.api.methods.send.SendPhoto query: [400] Bad Request: PHOTO_INVALID_DIMENSIONS
Error sending photo: Error executing org.telegram.telegrambots.meta.api.methods.send.SendPhoto query: [400] Bad Request: PHOTO_INVALID_DIMENSIONS
Error sending photo: null
Error sending photo: Error executing org.telegram.telegrambots.meta.api.methods.send.SendPhoto query: [400] Bad Request: PHOTO_INVALID_DIMENSIONS
Error sending photo: Error executing org.telegram.telegrambots.meta.api.methods.send.SendPhoto query: [400] Bad Request: PHOTO_INVALID_DIMENSIONS
Error sending photo: Error executing org.telegram.telegrambots.meta.api.methods.send.SendPhoto query: [400] Bad Request: PHOTO_INVALID_DIMENSIONS
Error sending photo: Error executing org.telegram.telegrambots.meta.api.methods.send.SendPhoto query: [400] Bad Request: PHOTO_INVALID_DIMENSIONS
Error sending photo: Error executing org.telegram.telegrambots.meta.api.methods.send.SendPhoto query: [400] Bad Request: PHOTO_INVALID_DIMENSIONS
Error sending photo: Error executing org.telegram.telegrambots.meta.api.methods.send.SendPhoto query: [400] Bad Request: PHOTO_INVALID_DIMENSIONS
Error sending photo: null
Error sending photo: Error executing org.telegram.telegrambots.meta.api.methods.send.SendPhoto query: [400] Bad Request: PHOTO_INVALID_DIMENSIONS
Error sending photo: Error executing org.telegram.telegrambots.meta.api.methods.send.SendPhoto query: [400] Bad Request: PHOTO_INVALID_DIMENSIONS
Error sending photo: Error executing org.telegram.telegrambots.meta.api.methods.send.SendPhoto query: [400] Bad Request: PHOTO_INVALID_DIMENSIONS
Error sending photo: null
Error sending photo: Error executing org.telegram.telegrambots.meta.api.methods.send.SendPhoto query: [400] Bad Request: PHOTO_INVALID_DIMENSIONS
Error sending photo: Error executing org.telegram.telegrambots.meta.api.methods.send.SendPhoto query: [400] Bad Request: PHOTO_INVALID_DIMENSIONS
Error sending photo: Error executing org.telegram.telegrambots.meta.api.methods.send.SendPhoto query: [400] Bad Request: PHOTO_INVALID_DIMENSIONS
Error sending photo: Error executing org.telegram.telegrambots.meta.api.methods.send.SendPhoto query: [400] Bad Request: PHOTO_INVALID_DIMENSIONS
Error sending photo: Error executing org.telegram.telegrambots.meta.api.methods.send.SendPhoto query: [400] Bad Request: PHOTO_INVALID_DIMENSIONS
Error sending photo: Error executing org.telegram.telegrambots.meta.api.methods.send.SendPhoto query: [400] Bad Request: PHOTO_INVALID_DIMENSIONS
Error sending photo: null
Error sending photo: Error executing org.telegram.telegrambots.meta.api.methods.send.SendPhoto query: [400] Bad Request: PHOTO_INVALID_DIMENSIONS
Error sending photo: Error executing org.telegram.telegrambots.meta.api.methods.send.SendPhoto query: [400] Bad Request: PHOTO_INVALID_DIMENSIONS
Error sending photo: Error executing org.telegram.telegrambots.meta.api.methods.send.SendPhoto query: [400] Bad Request: PHOTO_INVALID_DIMENSIONS
Error sending photo: Error executing org.telegram.telegrambots.meta.api.methods.send.SendPhoto query: [400] Bad Request: PHOTO_INVALID_DIMENSIONS
Error sending photo: Error executing org.telegram.telegrambots.meta.api.methods.send.SendPhoto query: [400] Bad Request: PHOTO_INVALID_DIMENSIONS
Error sending photo: Error executing org.telegram.telegrambots.meta.api.methods.send.SendPhoto query: [400] Bad Request: PHOTO_INVALID_DIMENSIONS
Error sending photo: null
Error sending photo: Error executing org.telegram.telegrambots.meta.api.methods.send.SendPhoto query: [400] Bad Request: PHOTO_INVALID_DIMENSIONS
Error sending photo: Error executing org.telegram.telegrambots.meta.api.methods.send.SendPhoto query: [400] Bad Request: PHOTO_INVALID_DIMENSIONS
Error sending photo: Error executing org.telegram.telegrambots.meta.api.methods.send.SendPhoto query: [400] Bad Request: PHOTO_INVALID_DIMENSIONS
Error sending photo: Error executing org.telegram.telegrambots.meta.api.methods.send.SendPhoto query: [400] Bad Request: PHOTO_INVALID_DIMENSIONS
Error sending photo: Error executing org.telegram.telegrambots.meta.api.methods.send.SendPhoto query: [400] Bad Request: PHOTO_INVALID_DIMENSIONS
Error sending photo: Error executing org.telegram.telegrambots.meta.api.methods.send.SendPhoto query: [400] Bad Request: PHOTO_INVALID_DIMENSIONS
[Fri Nov 07 17:40:40 CET 2025] Error sending photo: D:\Mirrors\пафос.png
Error executing org.telegram.telegrambots.meta.api.methods.send.SendPhoto query: [400] Bad Request: PHOTO_INVALID_DIMENSIONS
	at org.telegram.telegrambots.meta.api.methods.PartialBotApiMethod.deserializeResponseInternal(PartialBotApiMethod.java:54)
	at org.telegram.telegrambots.meta.api.methods.PartialBotApiMethod.deserializeResponse(PartialBotApiMethod.java:34)
	at org.telegram.telegrambots.meta.api.methods.send.SendPhoto.deserializeResponse(SendPhoto.java:96)
	at org.telegram.telegrambots.bots.DefaultAbsSender.execute(DefaultAbsSender.java:275)
	at Bot.sendPhoto(Bot.java:296)
	at Bot.sendAllPhotos(Bot.java:196)
	at Bot.onUpdateReceived(Bot.java:99)
	at java.base/java.util.ArrayList.forEach(ArrayList.java:1604)
	at org.telegram.telegrambots.meta.generics.LongPollingBot.onUpdatesReceived(LongPollingBot.java:27)
	at org.telegram.telegrambots.updatesreceivers.DefaultBotSession$HandlerThread.run(DefaultBotSession.java:312)
[Fri Nov 07 17:40:43 CET 2025] Error sending photo: D:\Mirrors\шане.png
Error executing org.telegram.telegrambots.meta.api.methods.send.SendPhoto query: [400] Bad Request: PHOTO_INVALID_DIMENSIONS
	at org.telegram.telegrambots.meta.api.methods.PartialBotApiMethod.deserializeResponseInternal(PartialBotApiMethod.java:54)
	at org.telegram.telegrambots.meta.api.methods.PartialBotApiMethod.deserializeResponse(PartialBotApiMethod.java:34)
	at org.telegram.telegrambots.meta.api.methods.send.SendPhoto.deserializeResponse(SendPhoto.java:96)
	at org.telegram.telegrambots.bots.DefaultAbsSender.execute(DefaultAbsSender.java:275)
	at Bot.sendPhoto(Bot.java:296)
	at Bot.sendAllPhotos(Bot.java:196)
	at Bot.onUpdateReceived(Bot.java:99)
	at java.base/java.util.ArrayList.forEach(ArrayList.java:1604)
	at org.telegram.telegrambots.meta.generics.LongPollingBot.onUpdatesReceived(LongPollingBot.java:27)
	at org.telegram.telegrambots.updatesreceivers.DefaultBotSession$HandlerThread.run(DefaultBotSession.java:312)
[Fri Nov 07 17:40:48 CET 2025] Error sending photo: D:\Mirrors\стеліо.png
Error executing org.telegram.telegrambots.meta.api.methods.send.SendPhoto query: [400] Bad Request: PHOTO_INVALID_DIMENSIONS
	at org.telegram.telegrambots.meta.api.methods.PartialBotApiMethod.deserializeResponseInternal(PartialBotApiMethod.java:54)
	at org.telegram.telegrambots.meta.api.methods.PartialBotApiMethod.deserializeResponse(PartialBotApiMethod.java:34)
	at org.telegram.telegrambots.meta.api.methods.send.SendPhoto.deserializeResponse(SendPhoto.java:96)
	at org.telegram.telegrambots.bots.DefaultAbsSender.execute(DefaultAbsSender.java:275)
	at Bot.sendPhoto(Bot.java:296)
	at Bot.sendAllPhotos(Bot.java:196)
	at Bot.onUpdateReceived(Bot.java:99)
	at java.base/java.util.ArrayList.forEach(ArrayList.java:1604)
	at org.telegram.telegrambots.meta.generics.LongPollingBot.onUpdatesReceived(LongPollingBot.java:27)
	at org.telegram.telegrambots.updatesreceivers.DefaultBotSession$HandlerThread.run(DefaultBotSession.java:312)
[Fri Nov 07 17:40:55 CET 2025] Error sending photo: D:\Mirrors\мейв.png
Error executing org.telegram.telegrambots.meta.api.methods.send.SendPhoto query: [400] Bad Request: PHOTO_INVALID_DIMENSIONS
	at org.telegram.telegrambots.meta.api.methods.PartialBotApiMethod.deserializeResponseInternal(PartialBotApiMethod.java:54)
	at org.telegram.telegrambots.meta.api.methods.PartialBotApiMethod.deserializeResponse(PartialBotApiMethod.java:34)
	at org.telegram.telegrambots.meta.api.methods.send.SendPhoto.deserializeResponse(SendPhoto.java:96)
	at org.telegram.telegrambots.bots.DefaultAbsSender.execute(DefaultAbsSender.java:275)
	at Bot.sendPhoto(Bot.java:296)
	at Bot.sendAllPhotos(Bot.java:196)
	at Bot.onUpdateReceived(Bot.java:99)
	at java.base/java.util.ArrayList.forEach(ArrayList.java:1604)
	at org.telegram.telegrambots.meta.generics.LongPollingBot.onUpdatesReceived(LongPollingBot.java:27)
	at org.telegram.telegrambots.updatesreceivers.DefaultBotSession$HandlerThread.run(DefaultBotSession.java:312)
[Fri Nov 07 17:41:02 CET 2025] Error sending photo: D:\Mirrors\МАОРІ.png
Error executing org.telegram.telegrambots.meta.api.methods.send.SendPhoto query: [400] Bad Request: PHOTO_INVALID_DIMENSIONS
	at org.telegram.telegrambots.meta.api.methods.PartialBotApiMethod.deserializeResponseInternal(PartialBotApiMethod.java:54)
	at org.telegram.telegrambots.meta.api.methods.PartialBotApiMethod.deserializeResponse(PartialBotApiMethod.java:34)
	at org.telegram.telegrambots.meta.api.methods.send.SendPhoto.deserializeResponse(SendPhoto.java:96)
	at org.telegram.telegrambots.bots.DefaultAbsSender.execute(DefaultAbsSender.java:275)
	at Bot.sendPhoto(Bot.java:296)
	at Bot.sendAllPhotos(Bot.java:196)
	at Bot.onUpdateReceived(Bot.java:99)
	at java.base/java.util.ArrayList.forEach(ArrayList.java:1604)
	at org.telegram.telegrambots.meta.generics.LongPollingBot.onUpdatesReceived(LongPollingBot.java:27)
	at org.telegram.telegrambots.updatesreceivers.DefaultBotSession$HandlerThread.run(DefaultBotSession.java:312)
[Fri Nov 07 17:41:08 CET 2025] Error sending photo: D:\Mirrors\орнамент.png
Error executing org.telegram.telegrambots.meta.api.methods.send.SendPhoto query: [400] Bad Request: PHOTO_INVALID_DIMENSIONS
	at org.telegram.telegrambots.meta.api.methods.PartialBotApiMethod.deserializeResponseInternal(PartialBotApiMethod.java:54)
	at org.telegram.telegrambots.meta.api.methods.PartialBotApiMethod.deserializeResponse(PartialBotApiMethod.java:34)
	at org.telegram.telegrambots.meta.api.methods.send.SendPhoto.deserializeResponse(SendPhoto.java:96)
	at org.telegram.telegrambots.bots.DefaultAbsSender.execute(DefaultAbsSender.java:275)
	at Bot.sendPhoto(Bot.java:296)
	at Bot.sendAllPhotos(Bot.java:196)
	at Bot.onUpdateReceived(Bot.java:99)
	at java.base/java.util.ArrayList.forEach(ArrayList.java:1604)
	at org.telegram.telegrambots.meta.generics.LongPollingBot.onUpdatesReceived(LongPollingBot.java:27)
	at org.telegram.telegrambots.updatesreceivers.DefaultBotSession$HandlerThread.run(DefaultBotSession.java:312)
[Fri Nov 07 17:41:13 CET 2025] Error sending photo: D:\Mirrors\ВЕСТА.png
Error executing org.telegram.telegrambots.meta.api.methods.send.SendPhoto query: [400] Bad Request: PHOTO_INVALID_DIMENSIONS
	at org.telegram.telegrambots.meta.api.methods.PartialBotApiMethod.deserializeResponseInternal(PartialBotApiMethod.java:54)
	at org.telegram.telegrambots.meta.api.methods.PartialBotApiMethod.deserializeResponse(PartialBotApiMethod.java:34)
	at org.telegram.telegrambots.meta.api.methods.send.SendPhoto.deserializeResponse(SendPhoto.java:96)
	at org.telegram.telegrambots.bots.DefaultAbsSender.execute(DefaultAbsSender.java:275)
	at Bot.sendPhoto(Bot.java:296)
	at Bot.sendAllPhotos(Bot.java:196)
	at Bot.onUpdateReceived(Bot.java:99)
	at java.base/java.util.ArrayList.forEach(ArrayList.java:1604)
	at org.telegram.telegrambots.meta.generics.LongPollingBot.onUpdatesReceived(LongPollingBot.java:27)
	at org.telegram.telegrambots.updatesreceivers.DefaultBotSession$HandlerThread.run(DefaultBotSession.java:312)
[Fri Nov 07 17:41:19 CET 2025] Error sending photo: D:\Mirrors\пафос.png
Error executing org.telegram.telegrambots.meta.api.methods.send.SendPhoto query: [400] Bad Request: PHOTO_INVALID_DIMENSIONS
	at org.telegram.telegrambots.meta.api.methods.PartialBotApiMethod.deserializeResponseInternal(PartialBotApiMethod.java:54)
	at org.telegram.telegrambots.meta.api.methods.PartialBotApiMethod.deserializeResponse(PartialBotApiMethod.java:34)
	at org.telegram.telegrambots.meta.api.methods.send.SendPhoto.deserializeResponse(SendPhoto.java:96)
	at org.telegram.telegrambots.bots.DefaultAbsSender.execute(DefaultAbsSender.java:275)
	at Bot.sendPhoto(Bot.java:296)
	at Bot.sendAllPhotos(Bot.java:196)
	at Bot.onUpdateReceived(Bot.java:99)
	at java.base/java.util.ArrayList.forEach(ArrayList.java:1604)
	at org.telegram.telegrambots.meta.generics.LongPollingBot.onUpdatesReceived(LongPollingBot.java:27)
	at org.telegram.telegrambots.updatesreceivers.DefaultBotSession$HandlerThread.run(DefaultBotSession.java:312)
[Fri Nov 07 17:41:24 CET 2025] Error sending photo: D:\Mirrors\шане.png
Error executing org.telegram.telegrambots.meta.api.methods.send.SendPhoto query: [400] Bad Request: PHOTO_INVALID_DIMENSIONS
	at org.telegram.telegrambots.meta.api.methods.PartialBotApiMethod.deserializeResponseInternal(PartialBotApiMethod.java:54)
	at org.telegram.telegrambots.meta.api.methods.PartialBotApiMethod.deserializeResponse(PartialBotApiMethod.java:34)
	at org.telegram.telegrambots.meta.api.methods.send.SendPhoto.deserializeResponse(SendPhoto.java:96)
	at org.telegram.telegrambots.bots.DefaultAbsSender.execute(DefaultAbsSender.java:275)
	at Bot.sendPhoto(Bot.java:296)
	at Bot.sendAllPhotos(Bot.java:196)
	at Bot.onUpdateReceived(Bot.java:99)
	at java.base/java.util.ArrayList.forEach(ArrayList.java:1604)
	at org.telegram.telegrambots.meta.generics.LongPollingBot.onUpdatesReceived(LongPollingBot.java:27)
	at org.telegram.telegrambots.updatesreceivers.DefaultBotSession$HandlerThread.run(DefaultBotSession.java:312)
[Fri Nov 07 17:41:31 CET 2025] Error sending photo: D:\Mirrors\стеліо.png
Error executing org.telegram.telegrambots.meta.api.methods.send.SendPhoto query: [400] Bad Request: PHOTO_INVALID_DIMENSIONS
	at org.telegram.telegrambots.meta.api.methods.PartialBotApiMethod.deserializeResponseInternal(PartialBotApiMethod.java:54)
	at org.telegram.telegrambots.meta.api.methods.PartialBotApiMethod.deserializeResponse(PartialBotApiMethod.java:34)
	at org.telegram.telegrambots.meta.api.methods.send.SendPhoto.deserializeResponse(SendPhoto.java:96)
	at org.telegram.telegrambots.bots.DefaultAbsSender.execute(DefaultAbsSender.java:275)
	at Bot.sendPhoto(Bot.java:296)
	at Bot.sendAllPhotos(Bot.java:196)
	at Bot.onUpdateReceived(Bot.java:99)
	at java.base/java.util.ArrayList.forEach(ArrayList.java:1604)
	at org.telegram.telegrambots.meta.generics.LongPollingBot.onUpdatesReceived(LongPollingBot.java:27)
	at org.telegram.telegrambots.updatesreceivers.DefaultBotSession$HandlerThread.run(DefaultBotSession.java:312)
[Fri Nov 07 17:41:37 CET 2025] Error sending photo: D:\Mirrors\мейв.png
Error executing org.telegram.telegrambots.meta.api.methods.send.SendPhoto query: [400] Bad Request: PHOTO_INVALID_DIMENSIONS
	at org.telegram.telegrambots.meta.api.methods.PartialBotApiMethod.deserializeResponseInternal(PartialBotApiMethod.java:54)
	at org.telegram.telegrambots.meta.api.methods.PartialBotApiMethod.deserializeResponse(PartialBotApiMethod.java:34)
	at org.telegram.telegrambots.meta.api.methods.send.SendPhoto.deserializeResponse(SendPhoto.java:96)
	at org.telegram.telegrambots.bots.DefaultAbsSender.execute(DefaultAbsSender.java:275)
	at Bot.sendPhoto(Bot.java:296)
	at Bot.sendAllPhotos(Bot.java:196)
	at Bot.onUpdateReceived(Bot.java:99)
	at java.base/java.util.ArrayList.forEach(ArrayList.java:1604)
	at org.telegram.telegrambots.meta.generics.LongPollingBot.onUpdatesReceived(LongPollingBot.java:27)
	at org.telegram.telegrambots.updatesreceivers.DefaultBotSession$HandlerThread.run(DefaultBotSession.java:312)
[Fri Nov 07 17:41:42 CET 2025] Error sending photo: D:\Mirrors\МАОРІ.png
Error executing org.telegram.telegrambots.meta.api.methods.send.SendPhoto query: [400] Bad Request: PHOTO_INVALID_DIMENSIONS
	at org.telegram.telegrambots.meta.api.methods.PartialBotApiMethod.deserializeResponseInternal(PartialBotApiMethod.java:54)
	at org.telegram.telegrambots.meta.api.methods.PartialBotApiMethod.deserializeResponse(PartialBotApiMethod.java:34)
	at org.telegram.telegrambots.meta.api.methods.send.SendPhoto.deserializeResponse(SendPhoto.java:96)
	at org.telegram.telegrambots.bots.DefaultAbsSender.execute(DefaultAbsSender.java:275)
	at Bot.sendPhoto(Bot.java:296)
	at Bot.sendAllPhotos(Bot.java:196)
	at Bot.onUpdateReceived(Bot.java:99)
	at java.base/java.util.ArrayList.forEach(ArrayList.java:1604)
	at org.telegram.telegrambots.meta.generics.LongPollingBot.onUpdatesReceived(LongPollingBot.java:27)
	at org.telegram.telegrambots.updatesreceivers.DefaultBotSession$HandlerThread.run(DefaultBotSession.java:312)
[Fri Nov 07 17:41:48 CET 2025] Error sending photo: D:\Mirrors\орнамент.png
Error executing org.telegram.telegrambots.meta.api.methods.send.SendPhoto query: [400] Bad Request: PHOTO_INVALID_DIMENSIONS
	at org.telegram.telegrambots.meta.api.methods.PartialBotApiMethod.deserializeResponseInternal(PartialBotApiMethod.java:54)
	at org.telegram.telegrambots.meta.api.methods.PartialBotApiMethod.deserializeResponse(PartialBotApiMethod.java:34)
	at org.telegram.telegrambots.meta.api.methods.send.SendPhoto.deserializeResponse(SendPhoto.java:96)
	at org.telegram.telegrambots.bots.DefaultAbsSender.execute(DefaultAbsSender.java:275)
	at Bot.sendPhoto(Bot.java:296)
	at Bot.sendAllPhotos(Bot.java:196)
	at Bot.onUpdateReceived(Bot.java:99)
	at java.base/java.util.ArrayList.forEach(ArrayList.java:1604)
	at org.telegram.telegrambots.meta.generics.LongPollingBot.onUpdatesReceived(LongPollingBot.java:27)
	at org.telegram.telegrambots.updatesreceivers.DefaultBotSession$HandlerThread.run(DefaultBotSession.java:312)
[Fri Nov 07 17:41:54 CET 2025] Error sending photo: D:\Mirrors\ВЕСТА.png
Error executing org.telegram.telegrambots.meta.api.methods.send.SendPhoto query: [400] Bad Request: PHOTO_INVALID_DIMENSIONS
	at org.telegram.telegrambots.meta.api.methods.PartialBotApiMethod.deserializeResponseInternal(PartialBotApiMethod.java:54)
	at org.telegram.telegrambots.meta.api.methods.PartialBotApiMethod.deserializeResponse(PartialBotApiMethod.java:34)
	at org.telegram.telegrambots.meta.api.methods.send.SendPhoto.deserializeResponse(SendPhoto.java:96)
	at org.telegram.telegrambots.bots.DefaultAbsSender.execute(DefaultAbsSender.java:275)
	at Bot.sendPhoto(Bot.java:296)
	at Bot.sendAllPhotos(Bot.java:196)
	at Bot.onUpdateReceived(Bot.java:99)
	at java.base/java.util.ArrayList.forEach(ArrayList.java:1604)
	at org.telegram.telegrambots.meta.generics.LongPollingBot.onUpdatesReceived(LongPollingBot.java:27)
	at org.telegram.telegrambots.updatesreceivers.DefaultBotSession$HandlerThread.run(DefaultBotSession.java:312)
[Fri Nov 07 18:07:08 CET 2025] Error sending photo: D:\Mirrors\пафос.png
Error executing org.telegram.telegrambots.meta.api.methods.send.SendPhoto query: [400] Bad Request: PHOTO_INVALID_DIMENSIONS
	at org.telegram.telegrambots.meta.api.methods.PartialBotApiMethod.deserializeResponseInternal(PartialBotApiMethod.java:54)
	at org.telegram.telegrambots.meta.api.methods.PartialBotApiMethod.deserializeResponse(PartialBotApiMethod.java:34)
	at org.telegram.telegrambots.meta.api.methods.send.SendPhoto.deserializeResponse(SendPhoto.java:96)
	at org.telegram.telegrambots.bots.DefaultAbsSender.execute(DefaultAbsSender.java:275)
	at Bot.sendPhoto(Bot.java:296)
	at Bot.sendAllPhotos(Bot.java:196)
	at Bot.onUpdateReceived(Bot.java:99)
	at java.base/java.util.ArrayList.forEach(ArrayList.java:1604)
	at org.telegram.telegrambots.meta.generics.LongPollingBot.onUpdatesReceived(LongPollingBot.java:27)
	at org.telegram.telegrambots.updatesreceivers.DefaultBotSession$HandlerThread.run(DefaultBotSession.java:312)
[Fri Nov 07 18:07:11 CET 2025] Error sending photo: D:\Mirrors\шане.png
Error executing org.telegram.telegrambots.meta.api.methods.send.SendPhoto query: [400] Bad Request: PHOTO_INVALID_DIMENSIONS
	at org.telegram.telegrambots.meta.api.methods.PartialBotApiMethod.deserializeResponseInternal(PartialBotApiMethod.java:54)
	at org.telegram.telegrambots.meta.api.methods.PartialBotApiMethod.deserializeResponse(PartialBotApiMethod.java:34)
	at org.telegram.telegrambots.meta.api.methods.send.SendPhoto.deserializeResponse(SendPhoto.java:96)
	at org.telegram.telegrambots.bots.DefaultAbsSender.execute(DefaultAbsSender.java:275)
	at Bot.sendPhoto(Bot.java:296)
	at Bot.sendAllPhotos(Bot.java:196)
	at Bot.onUpdateReceived(Bot.java:99)
	at java.base/java.util.ArrayList.forEach(ArrayList.java:1604)
	at org.telegram.telegrambots.meta.generics.LongPollingBot.onUpdatesReceived(LongPollingBot.java:27)
	at org.telegram.telegrambots.updatesreceivers.DefaultBotSession$HandlerThread.run(DefaultBotSession.java:312)
[Fri Nov 07 18:07:14 CET 2025] Error sending photo: D:\Mirrors\стеліо.png
Error executing org.telegram.telegrambots.meta.api.methods.send.SendPhoto query: [400] Bad Request: PHOTO_INVALID_DIMENSIONS
	at org.telegram.telegrambots.meta.api.methods.PartialBotApiMethod.deserializeResponseInternal(PartialBotApiMethod.java:54)
	at org.telegram.telegrambots.meta.api.methods.PartialBotApiMethod.deserializeResponse(PartialBotApiMethod.java:34)
	at org.telegram.telegrambots.meta.api.methods.send.SendPhoto.deserializeResponse(SendPhoto.java:96)
	at org.telegram.telegrambots.bots.DefaultAbsSender.execute(DefaultAbsSender.java:275)
	at Bot.sendPhoto(Bot.java:296)
	at Bot.sendAllPhotos(Bot.java:196)
	at Bot.onUpdateReceived(Bot.java:99)
	at java.base/java.util.ArrayList.forEach(ArrayList.java:1604)
	at org.telegram.telegrambots.meta.generics.LongPollingBot.onUpdatesReceived(LongPollingBot.java:27)
	at org.telegram.telegrambots.updatesreceivers.DefaultBotSession$HandlerThread.run(DefaultBotSession.java:312)
[Fri Nov 07 18:07:18 CET 2025] Error sending photo: D:\Mirrors\мейв.png
Error executing org.telegram.telegrambots.meta.api.methods.send.SendPhoto query: [400] Bad Request: PHOTO_INVALID_DIMENSIONS
	at org.telegram.telegrambots.meta.api.methods.PartialBotApiMethod.deserializeResponseInternal(PartialBotApiMethod.java:54)
	at org.telegram.telegrambots.meta.api.methods.PartialBotApiMethod.deserializeResponse(PartialBotApiMethod.java:34)
	at org.telegram.telegrambots.meta.api.methods.send.SendPhoto.deserializeResponse(SendPhoto.java:96)
	at org.telegram.telegrambots.bots.DefaultAbsSender.execute(DefaultAbsSender.java:275)
	at Bot.sendPhoto(Bot.java:296)
	at Bot.sendAllPhotos(Bot.java:196)
	at Bot.onUpdateReceived(Bot.java:99)
	at java.base/java.util.ArrayList.forEach(ArrayList.java:1604)
	at org.telegram.telegrambots.meta.generics.LongPollingBot.onUpdatesReceived(LongPollingBot.java:27)
	at org.telegram.telegrambots.updatesreceivers.DefaultBotSession$HandlerThread.run(DefaultBotSession.java:312)
[Fri Nov 07 18:07:24 CET 2025] Error sending photo: D:\Mirrors\МАОРІ.png
Error executing org.telegram.telegrambots.meta.api.methods.send.SendPhoto query: [400] Bad Request: PHOTO_INVALID_DIMENSIONS
	at org.telegram.telegrambots.meta.api.methods.PartialBotApiMethod.deserializeResponseInternal(PartialBotApiMethod.java:54)
	at org.telegram.telegrambots.meta.api.methods.PartialBotApiMethod.deserializeResponse(PartialBotApiMethod.java:34)
	at org.telegram.telegrambots.meta.api.methods.send.SendPhoto.deserializeResponse(SendPhoto.java:96)
	at org.telegram.telegrambots.bots.DefaultAbsSender.execute(DefaultAbsSender.java:275)
	at Bot.sendPhoto(Bot.java:296)
	at Bot.sendAllPhotos(Bot.java:196)
	at Bot.onUpdateReceived(Bot.java:99)
	at java.base/java.util.ArrayList.forEach(ArrayList.java:1604)
	at org.telegram.telegrambots.meta.generics.LongPollingBot.onUpdatesReceived(LongPollingBot.java:27)
	at org.telegram.telegrambots.updatesreceivers.DefaultBotSession$HandlerThread.run(DefaultBotSession.java:312)
[Fri Nov 07 18:07:36 CET 2025] Error sending photo: D:\Mirrors\орнамент.png
Error executing org.telegram.telegrambots.meta.api.methods.send.SendPhoto query: [400] Bad Request: PHOTO_INVALID_DIMENSIONS
	at org.telegram.telegrambots.meta.api.methods.PartialBotApiMethod.deserializeResponseInternal(PartialBotApiMethod.java:54)
	at org.telegram.telegrambots.meta.api.methods.PartialBotApiMethod.deserializeResponse(PartialBotApiMethod.java:34)
	at org.telegram.telegrambots.meta.api.methods.send.SendPhoto.deserializeResponse(SendPhoto.java:96)
	at org.telegram.telegrambots.bots.DefaultAbsSender.execute(DefaultAbsSender.java:275)
	at Bot.sendPhoto(Bot.java:296)
	at Bot.sendAllPhotos(Bot.java:196)
	at Bot.onUpdateReceived(Bot.java:99)
	at java.base/java.util.ArrayList.forEach(ArrayList.java:1604)
	at org.telegram.telegrambots.meta.generics.LongPollingBot.onUpdatesReceived(LongPollingBot.java:27)
	at org.telegram.telegrambots.updatesreceivers.DefaultBotSession$HandlerThread.run(DefaultBotSession.java:312)
[Fri Nov 07 18:07:43 CET 2025] Error sending photo: D:\Mirrors\ВЕСТА.png
Error executing org.telegram.telegrambots.meta.api.methods.send.SendPhoto query: [400] Bad Request: PHOTO_INVALID_DIMENSIONS
	at org.telegram.telegrambots.meta.api.methods.PartialBotApiMethod.deserializeResponseInternal(PartialBotApiMethod.java:54)
	at org.telegram.telegrambots.meta.api.methods.PartialBotApiMethod.deserializeResponse(PartialBotApiMethod.java:34)
	at org.telegram.telegrambots.meta.api.methods.send.SendPhoto.deserializeResponse(SendPhoto.java:96)
	at org.telegram.telegrambots.bots.DefaultAbsSender.execute(DefaultAbsSender.java:275)
	at Bot.sendPhoto(Bot.java:296)
	at Bot.sendAllPhotos(Bot.java:196)
	at Bot.onUpdateReceived(Bot.java:99)
	at java.base/java.util.ArrayList.forEach(ArrayList.java:1604)
	at org.telegram.telegrambots.meta.generics.LongPollingBot.onUpdatesReceived(LongPollingBot.java:27)
	at org.telegram.telegrambots.updatesreceivers.DefaultBotSession$HandlerThread.run(DefaultBotSession.java:312)
[Fri Nov 07 18:09:24 CET 2025] Error sending photo: D:\Mirrors\пафос.png
Error executing org.telegram.telegrambots.meta.api.methods.send.SendPhoto query: [400] Bad Request: PHOTO_INVALID_DIMENSIONS
	at org.telegram.telegrambots.meta.api.methods.PartialBotApiMethod.deserializeResponseInternal(PartialBotApiMethod.java:54)
	at org.telegram.telegrambots.meta.api.methods.PartialBotApiMethod.deserializeResponse(PartialBotApiMethod.java:34)
	at org.telegram.telegrambots.meta.api.methods.send.SendPhoto.deserializeResponse(SendPhoto.java:96)
	at org.telegram.telegrambots.bots.DefaultAbsSender.execute(DefaultAbsSender.java:275)
	at Bot.sendPhoto(Bot.java:296)
	at Bot.sendAllPhotos(Bot.java:196)
	at Bot.onUpdateReceived(Bot.java:99)
	at java.base/java.util.ArrayList.forEach(ArrayList.java:1604)
	at org.telegram.telegrambots.meta.generics.LongPollingBot.onUpdatesReceived(LongPollingBot.java:27)
	at org.telegram.telegrambots.updatesreceivers.DefaultBotSession$HandlerThread.run(DefaultBotSession.java:312)
[Fri Nov 07 18:09:32 CET 2025] Error sending photo: D:\Mirrors\шане.png
Error executing org.telegram.telegrambots.meta.api.methods.send.SendPhoto query: [400] Bad Request: PHOTO_INVALID_DIMENSIONS
	at org.telegram.telegrambots.meta.api.methods.PartialBotApiMethod.deserializeResponseInternal(PartialBotApiMethod.java:54)
	at org.telegram.telegrambots.meta.api.methods.PartialBotApiMethod.deserializeResponse(PartialBotApiMethod.java:34)
	at org.telegram.telegrambots.meta.api.methods.send.SendPhoto.deserializeResponse(SendPhoto.java:96)
	at org.telegram.telegrambots.bots.DefaultAbsSender.execute(DefaultAbsSender.java:275)
	at Bot.sendPhoto(Bot.java:296)
	at Bot.sendAllPhotos(Bot.java:196)
	at Bot.onUpdateReceived(Bot.java:99)
	at java.base/java.util.ArrayList.forEach(ArrayList.java:1604)
	at org.telegram.telegrambots.meta.generics.LongPollingBot.onUpdatesReceived(LongPollingBot.java:27)
	at org.telegram.telegrambots.updatesreceivers.DefaultBotSession$HandlerThread.run(DefaultBotSession.java:312)
[Fri Nov 07 18:09:38 CET 2025] Error sending photo: D:\Mirrors\стеліо.png
Error executing org.telegram.telegrambots.meta.api.methods.send.SendPhoto query: [400] Bad Request: PHOTO_INVALID_DIMENSIONS
	at org.telegram.telegrambots.meta.api.methods.PartialBotApiMethod.deserializeResponseInternal(PartialBotApiMethod.java:54)
	at org.telegram.telegrambots.meta.api.methods.PartialBotApiMethod.deserializeResponse(PartialBotApiMethod.java:34)
	at org.telegram.telegrambots.meta.api.methods.send.SendPhoto.deserializeResponse(SendPhoto.java:96)
	at org.telegram.telegrambots.bots.DefaultAbsSender.execute(DefaultAbsSender.java:275)
	at Bot.sendPhoto(Bot.java:296)
	at Bot.sendAllPhotos(Bot.java:196)
	at Bot.onUpdateReceived(Bot.java:99)
	at java.base/java.util.ArrayList.forEach(ArrayList.java:1604)
	at org.telegram.telegrambots.meta.generics.LongPollingBot.onUpdatesReceived(LongPollingBot.java:27)
	at org.telegram.telegrambots.updatesreceivers.DefaultBotSession$HandlerThread.run(DefaultBotSession.java:312)
[Fri Nov 07 18:09:46 CET 2025] Error sending photo: D:\Mirrors\мейв.png
Error executing org.telegram.telegrambots.meta.api.methods.send.SendPhoto query: [400] Bad Request: PHOTO_INVALID_DIMENSIONS
	at org.telegram.telegrambots.meta.api.methods.PartialBotApiMethod.deserializeResponseInternal(PartialBotApiMethod.java:54)
	at org.telegram.telegrambots.meta.api.methods.PartialBotApiMethod.deserializeResponse(PartialBotApiMethod.java:34)
	at org.telegram.telegrambots.meta.api.methods.send.SendPhoto.deserializeResponse(SendPhoto.java:96)
	at org.telegram.telegrambots.bots.DefaultAbsSender.execute(DefaultAbsSender.java:275)
	at Bot.sendPhoto(Bot.java:296)
	at Bot.sendAllPhotos(Bot.java:196)
	at Bot.onUpdateReceived(Bot.java:99)
	at java.base/java.util.ArrayList.forEach(ArrayList.java:1604)
	at org.telegram.telegrambots.meta.generics.LongPollingBot.onUpdatesReceived(LongPollingBot.java:27)
	at org.telegram.telegrambots.updatesreceivers.DefaultBotSession$HandlerThread.run(DefaultBotSession.java:312)
[Fri Nov 07 18:09:56 CET 2025] Error sending photo: D:\Mirrors\МАОРІ.png
Error executing org.telegram.telegrambots.meta.api.methods.send.SendPhoto query: [400] Bad Request: PHOTO_INVALID_DIMENSIONS
	at org.telegram.telegrambots.meta.api.methods.PartialBotApiMethod.deserializeResponseInternal(PartialBotApiMethod.java:54)
	at org.telegram.telegrambots.meta.api.methods.PartialBotApiMethod.deserializeResponse(PartialBotApiMethod.java:34)
	at org.telegram.telegrambots.meta.api.methods.send.SendPhoto.deserializeResponse(SendPhoto.java:96)
	at org.telegram.telegrambots.bots.DefaultAbsSender.execute(DefaultAbsSender.java:275)
	at Bot.sendPhoto(Bot.java:296)
	at Bot.sendAllPhotos(Bot.java:196)
	at Bot.onUpdateReceived(Bot.java:99)
	at java.base/java.util.ArrayList.forEach(ArrayList.java:1604)
	at org.telegram.telegrambots.meta.generics.LongPollingBot.onUpdatesReceived(LongPollingBot.java:27)
	at org.telegram.telegrambots.updatesreceivers.DefaultBotSession$HandlerThread.run(DefaultBotSession.java:312)
[Fri Nov 07 18:17:37 CET 2025] ❌ Ошибка при отправке фото
Error executing org.telegram.telegrambots.meta.api.methods.send.SendPhoto query: [400] Bad Request: PHOTO_INVALID_DIMENSIONS
	at org.telegram.telegrambots.meta.api.methods.PartialBotApiMethod.deserializeResponseInternal(PartialBotApiMethod.java:54)
	at org.telegram.telegrambots.meta.api.methods.PartialBotApiMethod.deserializeResponse(PartialBotApiMethod.java:34)
	at org.telegram.telegrambots.meta.api.methods.send.SendPhoto.deserializeResponse(SendPhoto.java:96)
	at org.telegram.telegrambots.bots.DefaultAbsSender.execute(DefaultAbsSender.java:275)
	at Bot.lambda$sendAllPhotos$0(Bot.java:191)
	at java.base/java.lang.Thread.run(Thread.java:1474)
[Fri Nov 07 18:17:47 CET 2025] ❌ Ошибка при отправке фото
Error executing org.telegram.telegrambots.meta.api.methods.send.SendPhoto query: [400] Bad Request: PHOTO_INVALID_DIMENSIONS
	at org.telegram.telegrambots.meta.api.methods.PartialBotApiMethod.deserializeResponseInternal(PartialBotApiMethod.java:54)
	at org.telegram.telegrambots.meta.api.methods.PartialBotApiMethod.deserializeResponse(PartialBotApiMethod.java:34)
	at org.telegram.telegrambots.meta.api.methods.send.SendPhoto.deserializeResponse(SendPhoto.java:96)
	at org.telegram.telegrambots.bots.DefaultAbsSender.execute(DefaultAbsSender.java:275)
	at Bot.lambda$sendAllPhotos$0(Bot.java:191)
	at java.base/java.lang.Thread.run(Thread.java:1474)
[Fri Nov 07 18:17:57 CET 2025] ❌ Ошибка при отправке фото
Error executing org.telegram.telegrambots.meta.api.methods.send.SendPhoto query: [400] Bad Request: PHOTO_INVALID_DIMENSIONS
	at org.telegram.telegrambots.meta.api.methods.PartialBotApiMethod.deserializeResponseInternal(PartialBotApiMethod.java:54)
	at org.telegram.telegrambots.meta.api.methods.PartialBotApiMethod.deserializeResponse(PartialBotApiMethod.java:34)
	at org.telegram.telegrambots.meta.api.methods.send.SendPhoto.deserializeResponse(SendPhoto.java:96)
	at org.telegram.telegrambots.bots.DefaultAbsSender.execute(DefaultAbsSender.java:275)
	at Bot.lambda$sendAllPhotos$0(Bot.java:191)
	at java.base/java.lang.Thread.run(Thread.java:1474)
[Fri Nov 07 18:18:12 CET 2025] ❌ Ошибка при отправке фото
Error executing org.telegram.telegrambots.meta.api.methods.send.SendPhoto query: [400] Bad Request: PHOTO_INVALID_DIMENSIONS
	at org.telegram.telegrambots.meta.api.methods.PartialBotApiMethod.deserializeResponseInternal(PartialBotApiMethod.java:54)
	at org.telegram.telegrambots.meta.api.methods.PartialBotApiMethod.deserializeResponse(PartialBotApiMethod.java:34)
	at org.telegram.telegrambots.meta.api.methods.send.SendPhoto.deserializeResponse(SendPhoto.java:96)
	at org.telegram.telegrambots.bots.DefaultAbsSender.execute(DefaultAbsSender.java:275)
	at Bot.lambda$sendAllPhotos$0(Bot.java:191)
	at java.base/java.lang.Thread.run(Thread.java:1474)
[Fri Nov 07 18:18:22 CET 2025] ❌ Ошибка при отправке фото
Error executing org.telegram.telegrambots.meta.api.methods.send.SendPhoto query: [400] Bad Request: PHOTO_INVALID_DIMENSIONS
	at org.telegram.telegrambots.meta.api.methods.PartialBotApiMethod.deserializeResponseInternal(PartialBotApiMethod.java:54)
	at org.telegram.telegrambots.meta.api.methods.PartialBotApiMethod.deserializeResponse(PartialBotApiMethod.java:34)
	at org.telegram.telegrambots.meta.api.methods.send.SendPhoto.deserializeResponse(SendPhoto.java:96)
	at org.telegram.telegrambots.bots.DefaultAbsSender.execute(DefaultAbsSender.java:275)
	at Bot.lambda$sendAllPhotos$0(Bot.java:191)
	at java.base/java.lang.Thread.run(Thread.java:1474)
[Fri Nov 07 18:18:28 CET 2025] ❌ Ошибка при отправке фото
Error executing org.telegram.telegrambots.meta.api.methods.send.SendPhoto query: [400] Bad Request: PHOTO_INVALID_DIMENSIONS
	at org.telegram.telegrambots.meta.api.methods.PartialBotApiMethod.deserializeResponseInternal(PartialBotApiMethod.java:54)
	at org.telegram.telegrambots.meta.api.methods.PartialBotApiMethod.deserializeResponse(PartialBotApiMethod.java:34)
	at org.telegram.telegrambots.meta.api.methods.send.SendPhoto.deserializeResponse(SendPhoto.java:96)
	at org.telegram.telegrambots.bots.DefaultAbsSender.execute(DefaultAbsSender.java:275)
	at Bot.lambda$sendAllPhotos$0(Bot.java:191)
	at java.base/java.lang.Thread.run(Thread.java:1474)
[Fri Nov 07 18:18:34 CET 2025] ❌ Ошибка при отправке фото
Error executing org.telegram.telegrambots.meta.api.methods.send.SendPhoto query: [400] Bad Request: PHOTO_INVALID_DIMENSIONS
	at org.telegram.telegrambots.meta.api.methods.PartialBotApiMethod.deserializeResponseInternal(PartialBotApiMethod.java:54)
	at org.telegram.telegrambots.meta.api.methods.PartialBotApiMethod.deserializeResponse(PartialBotApiMethod.java:34)
	at org.telegram.telegrambots.meta.api.methods.send.SendPhoto.deserializeResponse(SendPhoto.java:96)
	at org.telegram.telegrambots.bots.DefaultAbsSender.execute(DefaultAbsSender.java:275)
	at Bot.lambda$sendAllPhotos$0(Bot.java:191)
	at java.base/java.lang.Thread.run(Thread.java:1474)
[Fri Nov 07 18:21:14 CET 2025] ❌ Ошибка при отправке фото
Error executing org.telegram.telegrambots.meta.api.methods.send.SendPhoto query: [400] Bad Request: PHOTO_INVALID_DIMENSIONS
	at org.telegram.telegrambots.meta.api.methods.PartialBotApiMethod.deserializeResponseInternal(PartialBotApiMethod.java:54)
	at org.telegram.telegrambots.meta.api.methods.PartialBotApiMethod.deserializeResponse(PartialBotApiMethod.java:34)
	at org.telegram.telegrambots.meta.api.methods.send.SendPhoto.deserializeResponse(SendPhoto.java:96)
	at org.telegram.telegrambots.bots.DefaultAbsSender.execute(DefaultAbsSender.java:275)
	at Bot.lambda$sendAllPhotos$0(Bot.java:191)
	at java.base/java.lang.Thread.run(Thread.java:1474)
[Fri Nov 07 18:21:23 CET 2025] ❌ Ошибка при отправке фото
Error executing org.telegram.telegrambots.meta.api.methods.send.SendPhoto query: [400] Bad Request: PHOTO_INVALID_DIMENSIONS
	at org.telegram.telegrambots.meta.api.methods.PartialBotApiMethod.deserializeResponseInternal(PartialBotApiMethod.java:54)
	at org.telegram.telegrambots.meta.api.methods.PartialBotApiMethod.deserializeResponse(PartialBotApiMethod.java:34)
	at org.telegram.telegrambots.meta.api.methods.send.SendPhoto.deserializeResponse(SendPhoto.java:96)
	at org.telegram.telegrambots.bots.DefaultAbsSender.execute(DefaultAbsSender.java:275)
	at Bot.lambda$sendAllPhotos$0(Bot.java:191)
	at java.base/java.lang.Thread.run(Thread.java:1474)
[Fri Nov 07 18:21:25 CET 2025] ❌ Ошибка при отправке фото
Error executing org.telegram.telegrambots.meta.api.methods.send.SendPhoto query: [400] Bad Request: PHOTO_INVALID_DIMENSIONS
	at org.telegram.telegrambots.meta.api.methods.PartialBotApiMethod.deserializeResponseInternal(PartialBotApiMethod.java:54)
	at org.telegram.telegrambots.meta.api.methods.PartialBotApiMethod.deserializeResponse(PartialBotApiMethod.java:34)
	at org.telegram.telegrambots.meta.api.methods.send.SendPhoto.deserializeResponse(SendPhoto.java:96)
	at org.telegram.telegrambots.bots.DefaultAbsSender.execute(DefaultAbsSender.java:275)
	at Bot.lambda$sendAllPhotos$0(Bot.java:191)
	at java.base/java.lang.Thread.run(Thread.java:1474)
[Fri Nov 07 18:21:29 CET 2025] ❌ Ошибка при отправке фото
Error executing org.telegram.telegrambots.meta.api.methods.send.SendPhoto query: [400] Bad Request: PHOTO_INVALID_DIMENSIONS
	at org.telegram.telegrambots.meta.api.methods.PartialBotApiMethod.deserializeResponseInternal(PartialBotApiMethod.java:54)
	at org.telegram.telegrambots.meta.api.methods.PartialBotApiMethod.deserializeResponse(PartialBotApiMethod.java:34)
	at org.telegram.telegrambots.meta.api.methods.send.SendPhoto.deserializeResponse(SendPhoto.java:96)
	at org.telegram.telegrambots.bots.DefaultAbsSender.execute(DefaultAbsSender.java:275)
	at Bot.lambda$sendAllPhotos$0(Bot.java:191)
	at java.base/java.lang.Thread.run(Thread.java:1474)
[Fri Nov 07 18:21:37 CET 2025] ❌ Ошибка при отправке фото
Error executing org.telegram.telegrambots.meta.api.methods.send.SendPhoto query: [400] Bad Request: PHOTO_INVALID_DIMENSIONS
	at org.telegram.telegrambots.meta.api.methods.PartialBotApiMethod.deserializeResponseInternal(PartialBotApiMethod.java:54)
	at org.telegram.telegrambots.meta.api.methods.PartialBotApiMethod.deserializeResponse(PartialBotApiMethod.java:34)
	at org.telegram.telegrambots.meta.api.methods.send.SendPhoto.deserializeResponse(SendPhoto.java:96)
	at org.telegram.telegrambots.bots.DefaultAbsSender.execute(DefaultAbsSender.java:275)
	at Bot.lambda$sendAllPhotos$0(Bot.java:191)
	at java.base/java.lang.Thread.run(Thread.java:1474)
[Fri Nov 07 18:21:44 CET 2025] ❌ Ошибка при отправке фото
Error executing org.telegram.telegrambots.meta.api.methods.send.SendPhoto query: [400] Bad Request: PHOTO_INVALID_DIMENSIONS
	at org.telegram.telegrambots.meta.api.methods.PartialBotApiMethod.deserializeResponseInternal(PartialBotApiMethod.java:54)
	at org.telegram.telegrambots.meta.api.methods.PartialBotApiMethod.deserializeResponse(PartialBotApiMethod.java:34)
	at org.telegram.telegrambots.meta.api.methods.send.SendPhoto.deserializeResponse(SendPhoto.java:96)
	at org.telegram.telegrambots.bots.DefaultAbsSender.execute(DefaultAbsSender.java:275)
	at Bot.lambda$sendAllPhotos$0(Bot.java:191)
	at java.base/java.lang.Thread.run(Thread.java:1474)
[Fri Nov 07 18:21:53 CET 2025] ❌ Ошибка при отправке фото
Error executing org.telegram.telegrambots.meta.api.methods.send.SendPhoto query: [400] Bad Request: PHOTO_INVALID_DIMENSIONS
	at org.telegram.telegrambots.meta.api.methods.PartialBotApiMethod.deserializeResponseInternal(PartialBotApiMethod.java:54)
	at org.telegram.telegrambots.meta.api.methods.PartialBotApiMethod.deserializeResponse(PartialBotApiMethod.java:34)
	at org.telegram.telegrambots.meta.api.methods.send.SendPhoto.deserializeResponse(SendPhoto.java:96)
	at org.telegram.telegrambots.bots.DefaultAbsSender.execute(DefaultAbsSender.java:275)
	at Bot.lambda$sendAllPhotos$0(Bot.java:191)
	at java.base/java.lang.Thread.run(Thread.java:1474)
[Fri Nov 07 18:22:30 CET 2025] ❌ Ошибка при отправке фото
Error executing org.telegram.telegrambots.meta.api.methods.send.SendPhoto query: [400] Bad Request: PHOTO_INVALID_DIMENSIONS
	at org.telegram.telegrambots.meta.api.methods.PartialBotApiMethod.deserializeResponseInternal(PartialBotApiMethod.java:54)
	at org.telegram.telegrambots.meta.api.methods.PartialBotApiMethod.deserializeResponse(PartialBotApiMethod.java:34)
	at org.telegram.telegrambots.meta.api.methods.send.SendPhoto.deserializeResponse(SendPhoto.java:96)
	at org.telegram.telegrambots.bots.DefaultAbsSender.execute(DefaultAbsSender.java:275)
	at Bot.lambda$sendAllPhotos$0(Bot.java:193)
	at java.base/java.lang.Thread.run(Thread.java:1474)
[Fri Nov 07 18:22:37 CET 2025] ❌ Ошибка при отправке фото
Error executing org.telegram.telegrambots.meta.api.methods.send.SendPhoto query: [400] Bad Request: PHOTO_INVALID_DIMENSIONS
	at org.telegram.telegrambots.meta.api.methods.PartialBotApiMethod.deserializeResponseInternal(PartialBotApiMethod.java:54)
	at org.telegram.telegrambots.meta.api.methods.PartialBotApiMethod.deserializeResponse(PartialBotApiMethod.java:34)
	at org.telegram.telegrambots.meta.api.methods.send.SendPhoto.deserializeResponse(SendPhoto.java:96)
	at org.telegram.telegrambots.bots.DefaultAbsSender.execute(DefaultAbsSender.java:275)
	at Bot.lambda$sendAllPhotos$0(Bot.java:193)
	at java.base/java.lang.Thread.run(Thread.java:1474)
[Fri Nov 07 18:22:49 CET 2025] ❌ Ошибка при отправке фото
Error executing org.telegram.telegrambots.meta.api.methods.send.SendPhoto query: [400] Bad Request: PHOTO_INVALID_DIMENSIONS
	at org.telegram.telegrambots.meta.api.methods.PartialBotApiMethod.deserializeResponseInternal(PartialBotApiMethod.java:54)
	at org.telegram.telegrambots.meta.api.methods.PartialBotApiMethod.deserializeResponse(PartialBotApiMethod.java:34)
	at org.telegram.telegrambots.meta.api.methods.send.SendPhoto.deserializeResponse(SendPhoto.java:96)
	at org.telegram.telegrambots.bots.DefaultAbsSender.execute(DefaultAbsSender.java:275)
	at Bot.lambda$sendAllPhotos$0(Bot.java:193)
	at java.base/java.lang.Thread.run(Thread.java:1474)
[Fri Nov 07 18:22:59 CET 2025] ❌ Ошибка при отправке фото
Error executing org.telegram.telegrambots.meta.api.methods.send.SendPhoto query: [400] Bad Request: PHOTO_INVALID_DIMENSIONS
	at org.telegram.telegrambots.meta.api.methods.PartialBotApiMethod.deserializeResponseInternal(PartialBotApiMethod.java:54)
	at org.telegram.telegrambots.meta.api.methods.PartialBotApiMethod.deserializeResponse(PartialBotApiMethod.java:34)
	at org.telegram.telegrambots.meta.api.methods.send.SendPhoto.deserializeResponse(SendPhoto.java:96)
	at org.telegram.telegrambots.bots.DefaultAbsSender.execute(DefaultAbsSender.java:275)
	at Bot.lambda$sendAllPhotos$0(Bot.java:193)
	at java.base/java.lang.Thread.run(Thread.java:1474)
[Fri Nov 07 18:23:07 CET 2025] ❌ Ошибка при отправке фото
Error executing org.telegram.telegrambots.meta.api.methods.send.SendPhoto query: [400] Bad Request: PHOTO_INVALID_DIMENSIONS
	at org.telegram.telegrambots.meta.api.methods.PartialBotApiMethod.deserializeResponseInternal(PartialBotApiMethod.java:54)
	at org.telegram.telegrambots.meta.api.methods.PartialBotApiMethod.deserializeResponse(PartialBotApiMethod.java:34)
	at org.telegram.telegrambots.meta.api.methods.send.SendPhoto.deserializeResponse(SendPhoto.java:96)
	at org.telegram.telegrambots.bots.DefaultAbsSender.execute(DefaultAbsSender.java:275)
	at Bot.lambda$sendAllPhotos$0(Bot.java:193)
	at java.base/java.lang.Thread.run(Thread.java:1474)
[Fri Nov 07 18:23:15 CET 2025] ❌ Ошибка при отправке фото
Error executing org.telegram.telegrambots.meta.api.methods.send.SendPhoto query: [400] Bad Request: PHOTO_INVALID_DIMENSIONS
	at org.telegram.telegrambots.meta.api.methods.PartialBotApiMethod.deserializeResponseInternal(PartialBotApiMethod.java:54)
	at org.telegram.telegrambots.meta.api.methods.PartialBotApiMethod.deserializeResponse(PartialBotApiMethod.java:34)
	at org.telegram.telegrambots.meta.api.methods.send.SendPhoto.deserializeResponse(SendPhoto.java:96)
	at org.telegram.telegrambots.bots.DefaultAbsSender.execute(DefaultAbsSender.java:275)
	at Bot.lambda$sendAllPhotos$0(Bot.java:193)
	at java.base/java.lang.Thread.run(Thread.java:1474)
[Fri Nov 07 18:23:24 CET 2025] ❌ Ошибка при отправке фото
Error executing org.telegram.telegrambots.meta.api.methods.send.SendPhoto query: [400] Bad Request: PHOTO_INVALID_DIMENSIONS
	at org.telegram.telegrambots.meta.api.methods.PartialBotApiMethod.deserializeResponseInternal(PartialBotApiMethod.java:54)
	at org.telegram.telegrambots.meta.api.methods.PartialBotApiMethod.deserializeResponse(PartialBotApiMethod.java:34)
	at org.telegram.telegrambots.meta.api.methods.send.SendPhoto.deserializeResponse(SendPhoto.java:96)
	at org.telegram.telegrambots.bots.DefaultAbsSender.execute(DefaultAbsSender.java:275)
	at Bot.lambda$sendAllPhotos$0(Bot.java:193)
	at java.base/java.lang.Thread.run(Thread.java:1474)
[Fri Nov 07 20:01:12 CET 2025] Error sending photo
Error executing org.telegram.telegrambots.meta.api.methods.send.SendPhoto query: [400] Bad Request: invalid file HTTP URL specified: Wrong port number specified in the URL
	at org.telegram.telegrambots.meta.api.methods.PartialBotApiMethod.deserializeResponseInternal(PartialBotApiMethod.java:54)
	at org.telegram.telegrambots.meta.api.methods.PartialBotApiMethod.deserializeResponse(PartialBotApiMethod.java:34)
	at org.telegram.telegrambots.meta.api.methods.send.SendPhoto.deserializeResponse(SendPhoto.java:96)
	at org.telegram.telegrambots.bots.DefaultAbsSender.execute(DefaultAbsSender.java:275)
	at Bot.lambda$sendAllPhotos$0(Bot.java:180)
	at java.base/java.lang.Thread.run(Thread.java:1474)
[Fri Nov 07 20:01:14 CET 2025] Error sending photo
Error executing org.telegram.telegrambots.meta.api.methods.send.SendPhoto query: [400] Bad Request: invalid file HTTP URL specified: Wrong port number specified in the URL
	at org.telegram.telegrambots.meta.api.methods.PartialBotApiMethod.deserializeResponseInternal(PartialBotApiMethod.java:54)
	at org.telegram.telegrambots.meta.api.methods.PartialBotApiMethod.deserializeResponse(PartialBotApiMethod.java:34)
	at org.telegram.telegrambots.meta.api.methods.send.SendPhoto.deserializeResponse(SendPhoto.java:96)
	at org.telegram.telegrambots.bots.DefaultAbsSender.execute(DefaultAbsSender.java:275)
	at Bot.lambda$sendAllPhotos$0(Bot.java:180)
	at java.base/java.lang.Thread.run(Thread.java:1474)
[Fri Nov 07 20:01:16 CET 2025] Error sending photo
Error executing org.telegram.telegrambots.meta.api.methods.send.SendPhoto query: [400] Bad Request: invalid file HTTP URL specified: Wrong port number specified in the URL
	at org.telegram.telegrambots.meta.api.methods.PartialBotApiMethod.deserializeResponseInternal(PartialBotApiMethod.java:54)
	at org.telegram.telegrambots.meta.api.methods.PartialBotApiMethod.deserializeResponse(PartialBotApiMethod.java:34)
	at org.telegram.telegrambots.meta.api.methods.send.SendPhoto.deserializeResponse(SendPhoto.java:96)
	at org.telegram.telegrambots.bots.DefaultAbsSender.execute(DefaultAbsSender.java:275)
	at Bot.lambda$sendAllPhotos$0(Bot.java:180)
	at java.base/java.lang.Thread.run(Thread.java:1474)
[Fri Nov 07 20:01:19 CET 2025] Error sending photo
Error executing org.telegram.telegrambots.meta.api.methods.send.SendPhoto query: [400] Bad Request: invalid file HTTP URL specified: Wrong port number specified in the URL
	at org.telegram.telegrambots.meta.api.methods.PartialBotApiMethod.deserializeResponseInternal(PartialBotApiMethod.java:54)
	at org.telegram.telegrambots.meta.api.methods.PartialBotApiMethod.deserializeResponse(PartialBotApiMethod.java:34)
	at org.telegram.telegrambots.meta.api.methods.send.SendPhoto.deserializeResponse(SendPhoto.java:96)
	at org.telegram.telegrambots.bots.DefaultAbsSender.execute(DefaultAbsSender.java:275)
	at Bot.lambda$sendAllPhotos$0(Bot.java:180)
	at java.base/java.lang.Thread.run(Thread.java:1474)
[Fri Nov 07 20:01:21 CET 2025] Error sending photo
Error executing org.telegram.telegrambots.meta.api.methods.send.SendPhoto query: [400] Bad Request: invalid file HTTP URL specified: Wrong port number specified in the URL
	at org.telegram.telegrambots.meta.api.methods.PartialBotApiMethod.deserializeResponseInternal(PartialBotApiMethod.java:54)
	at org.telegram.telegrambots.meta.api.methods.PartialBotApiMethod.deserializeResponse(PartialBotApiMethod.java:34)
	at org.telegram.telegrambots.meta.api.methods.send.SendPhoto.deserializeResponse(SendPhoto.java:96)
	at org.telegram.telegrambots.bots.DefaultAbsSender.execute(DefaultAbsSender.java:275)
	at Bot.lambda$sendAllPhotos$0(Bot.java:180)
	at java.base/java.lang.Thread.run(Thread.java:1474)
[Fri Nov 07 20:01:23 CET 2025] Error sending photo
Error executing org.telegram.telegrambots.meta.api.methods.send.SendPhoto query: [400] Bad Request: invalid file HTTP URL specified: Wrong port number specified in the URL
	at org.telegram.telegrambots.meta.api.methods.PartialBotApiMethod.deserializeResponseInternal(PartialBotApiMethod.java:54)
	at org.telegram.telegrambots.meta.api.methods.PartialBotApiMethod.deserializeResponse(PartialBotApiMethod.java:34)
	at org.telegram.telegrambots.meta.api.methods.send.SendPhoto.deserializeResponse(SendPhoto.java:96)
	at org.telegram.telegrambots.bots.DefaultAbsSender.execute(DefaultAbsSender.java:275)
	at Bot.lambda$sendAllPhotos$0(Bot.java:180)
	at java.base/java.lang.Thread.run(Thread.java:1474)
[Fri Nov 07 20:01:26 CET 2025] Error sending photo
Error executing org.telegram.telegrambots.meta.api.methods.send.SendPhoto query: [400] Bad Request: invalid file HTTP URL specified: Wrong port number specified in the URL
	at org.telegram.telegrambots.meta.api.methods.PartialBotApiMethod.deserializeResponseInternal(PartialBotApiMethod.java:54)
	at org.telegram.telegrambots.meta.api.methods.PartialBotApiMethod.deserializeResponse(PartialBotApiMethod.java:34)
	at org.telegram.telegrambots.meta.api.methods.send.SendPhoto.deserializeResponse(SendPhoto.java:96)
	at org.telegram.telegrambots.bots.DefaultAbsSender.execute(DefaultAbsSender.java:275)
	at Bot.lambda$sendAllPhotos$0(Bot.java:180)
	at java.base/java.lang.Thread.run(Thread.java:1474)
[Fri Nov 07 20:01:51 CET 2025] Error sending photo
Error executing org.telegram.telegrambots.meta.api.methods.send.SendPhoto query: [400] Bad Request: invalid file HTTP URL specified: Wrong port number specified in the URL
	at org.telegram.telegrambots.meta.api.methods.PartialBotApiMethod.deserializeResponseInternal(PartialBotApiMethod.java:54)
	at org.telegram.telegrambots.meta.api.methods.PartialBotApiMethod.deserializeResponse(PartialBotApiMethod.java:34)
	at org.telegram.telegrambots.meta.api.methods.send.SendPhoto.deserializeResponse(SendPhoto.java:96)
	at org.telegram.telegrambots.bots.DefaultAbsSender.execute(DefaultAbsSender.java:275)
	at Bot.lambda$sendAllPhotos$0(Bot.java:180)
	at java.base/java.lang.Thread.run(Thread.java:1474)
[Fri Nov 07 20:01:53 CET 2025] Error sending photo
Error executing org.telegram.telegrambots.meta.api.methods.send.SendPhoto query: [400] Bad Request: invalid file HTTP URL specified: Wrong port number specified in the URL
	at org.telegram.telegrambots.meta.api.methods.PartialBotApiMethod.deserializeResponseInternal(PartialBotApiMethod.java:54)
	at org.telegram.telegrambots.meta.api.methods.PartialBotApiMethod.deserializeResponse(PartialBotApiMethod.java:34)
	at org.telegram.telegrambots.meta.api.methods.send.SendPhoto.deserializeResponse(SendPhoto.java:96)
	at org.telegram.telegrambots.bots.DefaultAbsSender.execute(DefaultAbsSender.java:275)
	at Bot.lambda$sendAllPhotos$0(Bot.java:180)
	at java.base/java.lang.Thread.run(Thread.java:1474)
[Fri Nov 07 20:01:54 CET 2025] Error sending photo
Error executing org.telegram.telegrambots.meta.api.methods.send.SendPhoto query: [400] Bad Request: invalid file HTTP URL specified: Wrong port number specified in the URL
	at org.telegram.telegrambots.meta.api.methods.PartialBotApiMethod.deserializeResponseInternal(PartialBotApiMethod.java:54)
	at org.telegram.telegrambots.meta.api.methods.PartialBotApiMethod.deserializeResponse(PartialBotApiMethod.java:34)
	at org.telegram.telegrambots.meta.api.methods.send.SendPhoto.deserializeResponse(SendPhoto.java:96)
	at org.telegram.telegrambots.bots.DefaultAbsSender.execute(DefaultAbsSender.java:275)
	at Bot.lambda$sendAllPhotos$0(Bot.java:180)
	at java.base/java.lang.Thread.run(Thread.java:1474)
[Fri Nov 07 20:01:56 CET 2025] Error sending photo
Error executing org.telegram.telegrambots.meta.api.methods.send.SendPhoto query: [400] Bad Request: invalid file HTTP URL specified: Wrong port number specified in the URL
	at org.telegram.telegrambots.meta.api.methods.PartialBotApiMethod.deserializeResponseInternal(PartialBotApiMethod.java:54)
	at org.telegram.telegrambots.meta.api.methods.PartialBotApiMethod.deserializeResponse(PartialBotApiMethod.java:34)
	at org.telegram.telegrambots.meta.api.methods.send.SendPhoto.deserializeResponse(SendPhoto.java:96)
	at org.telegram.telegrambots.bots.DefaultAbsSender.execute(DefaultAbsSender.java:275)
	at Bot.lambda$sendAllPhotos$0(Bot.java:180)
	at java.base/java.lang.Thread.run(Thread.java:1474)
[Fri Nov 07 20:01:58 CET 2025] Error sending photo
Error executing org.telegram.telegrambots.meta.api.methods.send.SendPhoto query: [400] Bad Request: invalid file HTTP URL specified: Wrong port number specified in the URL
	at org.telegram.telegrambots.meta.api.methods.PartialBotApiMethod.deserializeResponseInternal(PartialBotApiMethod.java:54)
	at org.telegram.telegrambots.meta.api.methods.PartialBotApiMethod.deserializeResponse(PartialBotApiMethod.java:34)
	at org.telegram.telegrambots.meta.api.methods.send.SendPhoto.deserializeResponse(SendPhoto.java:96)
	at org.telegram.telegrambots.bots.DefaultAbsSender.execute(DefaultAbsSender.java:275)
	at Bot.lambda$sendAllPhotos$0(Bot.java:180)
	at java.base/java.lang.Thread.run(Thread.java:1474)
[Fri Nov 07 20:01:59 CET 2025] Error sending photo
Error executing org.telegram.telegrambots.meta.api.methods.send.SendPhoto query: [400] Bad Request: invalid file HTTP URL specified: Wrong port number specified in the URL
	at org.telegram.telegrambots.meta.api.methods.PartialBotApiMethod.deserializeResponseInternal(PartialBotApiMethod.java:54)
	at org.telegram.telegrambots.meta.api.methods.PartialBotApiMethod.deserializeResponse(PartialBotApiMethod.java:34)
	at org.telegram.telegrambots.meta.api.methods.send.SendPhoto.deserializeResponse(SendPhoto.java:96)
	at org.telegram.telegrambots.bots.DefaultAbsSender.execute(DefaultAbsSender.java:275)
	at Bot.lambda$sendAllPhotos$0(Bot.java:180)
	at java.base/java.lang.Thread.run(Thread.java:1474)
[Fri Nov 07 20:02:00 CET 2025] Error sending photo
Error executing org.telegram.telegrambots.meta.api.methods.send.SendPhoto query: [400] Bad Request: invalid file HTTP URL specified: Wrong port number specified in the URL
	at org.telegram.telegrambots.meta.api.methods.PartialBotApiMethod.deserializeResponseInternal(PartialBotApiMethod.java:54)
	at org.telegram.telegrambots.meta.api.methods.PartialBotApiMethod.deserializeResponse(PartialBotApiMethod.java:34)
	at org.telegram.telegrambots.meta.api.methods.send.SendPhoto.deserializeResponse(SendPhoto.java:96)
	at org.telegram.telegrambots.bots.DefaultAbsSender.execute(DefaultAbsSender.java:275)
	at Bot.lambda$sendAllPhotos$0(Bot.java:180)
	at java.base/java.lang.Thread.run(Thread.java:1474)
